<?xml version="1.0" encoding="UTF-8"?>
<!-- Generated by org.testng.reporters.JUnitReportReporter -->
<testsuite hostname="SDS-IT-015" failures="0" tests="2" name="SmartData_Appilcation.SmartData_App" time="81.064" errors="0" timestamp="21 Oct 2020 07:02:43 GMT" skipped="0">
  <testcase classname="SmartData_Appilcation.SmartData_App" name="SmartData_ContactUs" time="73.129"/>
  <testcase classname="SmartData_Appilcation.SmartData_App" name="smartData_AboutUs" time="7.935"/>
</testsuite> <!-- SmartData_Appilcation.SmartData_App -->
